<?xml version="1.0" encoding="UTF-8"?>
<testsuite xmlns:xsi="http://www.w3.org/2001/XMLSchema-instance" xsi:noNamespaceSchemaLocation="https://maven.apache.org/surefire/maven-surefire-plugin/xsd/surefire-test-report-3.0.xsd" version="3.0" name="com.shopping.order.OrderControllerTest" time="7.854" tests="9" errors="0" skipped="0" failures="0">
  <properties>
[...]
</properties>
  <testcase name="createOrder_shouldReturn201WithOrderData" classname="com.shopping.order.OrderControllerTest" time="3.888">
    <system-out><![CDATA[22:10:45.104 [main] INFO org.springframework.test.context.support.AnnotationConfigContextLoaderUtils -- Could not detect default configuration classes for test class [com.shopping.order.OrderControllerTest]: OrderControllerTest does not declare any static, non-private, non-final, nested classes annotated with @Configuration.
22:10:45.240 [main] INFO org.springframework.boot.test.context.SpringBootTestContextBootstrapper -- Found @SpringBootConfiguration com.shopping.order.OrderApplication for test class com.shopping.order.OrderControllerTest

  .   ____          _            __ _ _
 /\\ / ___'_ __ _ _(_)_ __  __ _ \ \ \ \
( ( )\___ | '_ | '_| | '_ \/ _` | \ \ \ \
 \\/  ___)| |_)| | | | | || (_| |  ) ) ) )
  '  |____| .__|_| |_|_| |_\__, | / / / /
 =========|_|==============|___/=/_/_/_/
 :: Spring Boot ::                (v3.2.5)

2026-06-14T22:10:45.810+08:00  INFO 33576 --- [order-service] [           main] com.shopping.order.OrderControllerTest   : Starting OrderControllerTest using Java 17.0.3 with PID 33576 (started by 浮芊 in D:\AAAAAA\shopping platform\java-order-service)
2026-06-14T22:10:45.812+08:00  INFO 33576 --- [order-service] [           main] com.shopping.order.OrderControllerTest   : The following 1 profile is active: "test"
 _ _   |_  _ _|_. ___ _ |    _ 
| | |\/|_)(_| | |_\  |_)||_|_\ 
     /               |         
                        3.5.6 
2026-06-14T22:10:47.248+08:00  INFO 33576 --- [order-service] [           main] com.zaxxer.hikari.HikariDataSource       : HikariPool-1 - Starting...
2026-06-14T22:10:47.566+08:00  INFO 33576 --- [order-service] [           main] com.zaxxer.hikari.pool.HikariPool        : HikariPool-1 - Added connection conn0: url=jdbc:h2:mem:order_test user=SA
2026-06-14T22:10:47.568+08:00  INFO 33576 --- [order-service] [           main] com.zaxxer.hikari.HikariDataSource       : HikariPool-1 - Start completed.
2026-06-14T22:10:48.595+08:00  INFO 33576 --- [order-service] [           main] o.s.b.t.m.w.SpringBootMockServletContext : Initializing Spring TestDispatcherServlet ''
2026-06-14T22:10:48.596+08:00  INFO 33576 --- [order-service] [           main] o.s.t.web.servlet.TestDispatcherServlet  : Initializing Servlet ''
2026-06-14T22:10:48.598+08:00  INFO 33576 --- [order-service] [           main] o.s.t.web.servlet.TestDispatcherServlet  : Completed initialization in 1 ms
2026-06-14T22:10:48.626+08:00  INFO 33576 --- [order-service] [           main] com.shopping.order.OrderControllerTest   : Started OrderControllerTest in 3.198 seconds (process running for 4.31)
]]></system-out>
  </testcase>
  <testcase name="getOrderById_shouldReturnOrderDetail" classname="com.shopping.order.OrderControllerTest" time="0.015"/>
  <testcase name="listOrders_shouldReturnPagedResult" classname="com.shopping.order.OrderControllerTest" time="0.102"/>
  <testcase name="updateOrderStatus_toPaid_shouldSucceed" classname="com.shopping.order.OrderControllerTest" time="0.022"/>
  <testcase name="updateOrderStatus_toShipped_shouldSucceed" classname="com.shopping.order.OrderControllerTest" time="0.011"/>
  <testcase name="updateOrderStatus_toCompleted_shouldSucceed" classname="com.shopping.order.OrderControllerTest" time="0.013"/>
  <testcase name="getOrderById_notFound_shouldReturn400" classname="com.shopping.order.OrderControllerTest" time="0.011"/>
  <testcase name="createOrder_invalidRequest_shouldReturn400" classname="com.shopping.order.OrderControllerTest" time="0.016"/>
  <testcase name="deleteOrder_shouldSucceed" classname="com.shopping.order.OrderControllerTest" time="0.014"/>
</testsuite>